2012-05-29 18:18:39,685 | INFO  |  |  | main | MLog - MLog clients using log4j logging.
2012-05-29 18:18:39,903 | INFO  |  |  | main | C3P0Registry - Initializing c3p0-0.9.2-pre2 [built 18-May-2012 10:14:10 -0400; debug? true; trace: 10]
2012-05-29 18:18:40,004 | INFO  |  |  | main | AbstractPoolBackedDataSource - Initializing c3p0 pool... com.mchange.v2.c3p0.ComboPooledDataSource [ acquireIncrement -> 10, acquireRetryAttempts -> 30, acquireRetryDelay -> 1000, autoCommitOnClose -> false, automaticTestTable -> c3p0_test_table, breakAfterAcquireFailure -> false, checkoutTimeout -> 0, connectionCustomizerClassName -> null, connectionTesterClassName -> com.mchange.v2.c3p0.impl.DefaultConnectionTester, dataSourceName -> 2rxedw8n173ha6ksa703|28bb494b, debugUnreturnedConnectionStackTraces -> false, description -> null, driverClass -> com.mysql.jdbc.Driver, factoryClassLocation -> null, forceIgnoreUnresolvedTransactions -> false, identityToken -> 2rxedw8n173ha6ksa703|28bb494b, idleConnectionTestPeriod -> 7200, initialPoolSize -> 10, jdbcUrl -> jdbc:mysql://utopiainstance1.cx558rzcwi45.us-west-1.rds.amazonaws.com/lostnations, maxAdministrativeTaskTime -> 0, maxConnectionAge -> 0, maxIdleTime -> 360000, maxIdleTimeExcessConnections -> 300, maxPoolSize -> 60, maxStatements -> 0, maxStatementsPerConnection -> 5, minPoolSize -> 10, numHelperThreads -> 6, preferredTestQuery -> null, properties -> {user=******, password=******}, propertyCycle -> 0, statementCacheNumDeferredCloseThreads -> 0, testConnectionOnCheckin -> false, testConnectionOnCheckout -> false, unreturnedConnectionTimeout -> 7200, usesTraditionalReflectiveProxies -> false ]
2012-05-29 18:18:41,182 | DEBUG |  |  | main | DBConnection - num_connections: 0
2012-05-29 18:18:41,182 | DEBUG |  |  | main | DBConnection - num_busy_connections: 0
2012-05-29 18:18:41,182 | DEBUG |  |  | main | DBConnection - num_idle_connections: 0
2012-05-29 18:18:41,197 | INFO  |  |  | Thread-2 | GameServer - init : Server initializing
2012-05-29 18:18:41,200 | INFO  |  |  | Thread-2 | GameServer - loadEventControllers : Loading event controllers
2012-05-29 18:18:41,202 | INFO  |  |  | Thread-2 | GameServer - loading class: AdminController$1
2012-05-29 18:18:41,207 | WARN  |  |  | Thread-2 | GameServer - class file does not extend EventController: AdminController$1.class
2012-05-29 18:18:41,207 | INFO  |  |  | Thread-2 | GameServer - loading class: AdminController
2012-05-29 18:18:41,208 | DEBUG |  |  | main | BuildStructJobRetrieveUtils - setting static map of build struct job id to build struct job
2012-05-29 18:18:41,221 | INFO  |  |  | Thread-2 | GameServer - loaded controller for event: A_ADMIN_UPDATE
2012-05-29 18:18:41,221 | INFO  |  |  | Thread-2 | GameServer - loading class: ArmoryController$1
2012-05-29 18:18:41,223 | WARN  |  |  | Thread-2 | GameServer - class file does not extend EventController: ArmoryController$1.class
2012-05-29 18:18:41,223 | INFO  |  |  | Thread-2 | GameServer - loading class: ArmoryController
2012-05-29 18:18:41,230 | INFO  |  |  | Thread-2 | GameServer - loaded controller for event: C_ARMORY_EVENT
2012-05-29 18:18:41,231 | INFO  |  |  | Thread-2 | GameServer - loading class: BattleController$1
2012-05-29 18:18:41,232 | WARN  |  |  | Thread-2 | GameServer - class file does not extend EventController: BattleController$1.class
2012-05-29 18:18:41,232 | INFO  |  |  | Thread-2 | GameServer - loading class: BattleController
2012-05-29 18:18:41,248 | INFO  |  |  | Thread-2 | GameServer - loaded controller for event: C_BATTLE_EVENT
2012-05-29 18:18:41,248 | INFO  |  |  | Thread-2 | GameServer - loading class: ChangeUserLocationController$1
2012-05-29 18:18:41,250 | WARN  |  |  | Thread-2 | GameServer - class file does not extend EventController: ChangeUserLocationController$1.class
2012-05-29 18:18:41,250 | INFO  |  |  | Thread-2 | GameServer - loading class: ChangeUserLocationController
2012-05-29 18:18:41,258 | INFO  |  |  | Thread-2 | GameServer - loaded controller for event: C_CHANGE_USER_LOCATION_EVENT
2012-05-29 18:18:41,258 | INFO  |  |  | Thread-2 | GameServer - loading class: ChatController$1
2012-05-29 18:18:41,261 | WARN  |  |  | Thread-2 | GameServer - class file does not extend EventController: ChatController$1.class
2012-05-29 18:18:41,261 | INFO  |  |  | Thread-2 | GameServer - loading class: ChatController
2012-05-29 18:18:41,274 | INFO  |  |  | Thread-2 | GameServer - loaded controller for event: C_CHAT_EVENT
2012-05-29 18:18:41,274 | INFO  |  |  | Thread-2 | GameServer - loading class: CriticalStructureActionController$1
2012-05-29 18:18:41,285 | WARN  |  |  | Thread-2 | GameServer - class file does not extend EventController: CriticalStructureActionController$1.class
2012-05-29 18:18:41,285 | INFO  |  |  | Thread-2 | GameServer - loading class: CriticalStructureActionController
2012-05-29 18:18:41,290 | INFO  |  |  | Thread-2 | GameServer - loaded controller for event: C_CRIT_STRUCTURE_ACTION_EVENT
2012-05-29 18:18:41,290 | INFO  |  |  | Thread-2 | GameServer - loading class: EnableAPNSController$1
2012-05-29 18:18:41,291 | WARN  |  |  | Thread-2 | GameServer - class file does not extend EventController: EnableAPNSController$1.class
2012-05-29 18:18:41,292 | INFO  |  |  | Thread-2 | GameServer - loading class: EnableAPNSController
2012-05-29 18:18:41,295 | INFO  |  |  | Thread-2 | GameServer - loaded controller for event: C_ENABLE_APNS_EVENT
2012-05-29 18:18:41,295 | INFO  |  |  | Thread-2 | GameServer - loading class: EquipEquipmentController$1
2012-05-29 18:18:41,296 | WARN  |  |  | Thread-2 | GameServer - class file does not extend EventController: EquipEquipmentController$1.class
2012-05-29 18:18:41,296 | INFO  |  |  | Thread-2 | GameServer - loading class: EquipEquipmentController
2012-05-29 18:18:41,300 | INFO  |  |  | Thread-2 | GameServer - loaded controller for event: C_EQUIP_EQUIPMENT_EVENT
2012-05-29 18:18:41,300 | INFO  |  |  | Thread-2 | GameServer - loading class: EventController$1
2012-05-29 18:18:41,300 | WARN  |  |  | Thread-2 | GameServer - class file does not extend EventController: EventController$1.class
2012-05-29 18:18:41,300 | INFO  |  |  | Thread-2 | GameServer - loading class: ExpansionWaitCompleteController$1
2012-05-29 18:18:41,301 | WARN  |  |  | Thread-2 | GameServer - class file does not extend EventController: ExpansionWaitCompleteController$1.class
2012-05-29 18:18:41,301 | INFO  |  |  | Thread-2 | GameServer - loading class: ExpansionWaitCompleteController
2012-05-29 18:18:41,304 | INFO  |  |  | Thread-2 | GameServer - loaded controller for event: C_EXPANSION_WAIT_COMPLETE_EVENT
2012-05-29 18:18:41,304 | INFO  |  |  | Thread-2 | GameServer - loading class: FinishNormStructWaittimeWithDiamondsController$1
2012-05-29 18:18:41,305 | WARN  |  |  | Thread-2 | GameServer - class file does not extend EventController: FinishNormStructWaittimeWithDiamondsController$1.class
2012-05-29 18:18:41,305 | INFO  |  |  | Thread-2 | GameServer - loading class: FinishNormStructWaittimeWithDiamondsController
2012-05-29 18:18:41,309 | INFO  |  |  | Thread-2 | GameServer - loaded controller for event: C_FINISH_NORM_STRUCT_WAITTIME_WITH_DIAMONDS_EVENT
2012-05-29 18:18:41,309 | INFO  |  |  | Thread-2 | GameServer - loading class: GenerateAttackListController$1
2012-05-29 18:18:41,310 | WARN  |  |  | Thread-2 | GameServer - class file does not extend EventController: GenerateAttackListController$1.class
2012-05-29 18:18:41,310 | INFO  |  |  | Thread-2 | GameServer - loading class: GenerateAttackListController
2012-05-29 18:18:41,320 | INFO  |  |  | Thread-2 | GameServer - loaded controller for event: C_GENERATE_ATTACK_LIST_EVENT
2012-05-29 18:18:41,320 | INFO  |  |  | Thread-2 | GameServer - loading class: InAppPurchaseController$1
2012-05-29 18:18:41,326 | WARN  |  |  | Thread-2 | GameServer - class file does not extend EventController: InAppPurchaseController$1.class
2012-05-29 18:18:41,326 | INFO  |  |  | Thread-2 | GameServer - loading class: InAppPurchaseController
2012-05-29 18:18:41,347 | INFO  |  |  | Thread-2 | GameServer - loaded controller for event: C_IN_APP_PURCHASE_EVENT
2012-05-29 18:18:41,347 | INFO  |  |  | Thread-2 | GameServer - loading class: LevelUpController$1
2012-05-29 18:18:41,354 | WARN  |  |  | Thread-2 | GameServer - class file does not extend EventController: LevelUpController$1.class
2012-05-29 18:18:41,354 | INFO  |  |  | Thread-2 | GameServer - loading class: LevelUpController
2012-05-29 18:18:41,368 | INFO  |  |  | Thread-2 | GameServer - loaded controller for event: C_LEVEL_UP_EVENT
2012-05-29 18:18:41,368 | INFO  |  |  | Thread-2 | GameServer - loading class: LoadNeutralCityController$1
2012-05-29 18:18:41,371 | WARN  |  |  | Thread-2 | GameServer - class file does not extend EventController: LoadNeutralCityController$1.class
2012-05-29 18:18:41,371 | INFO  |  |  | Thread-2 | GameServer - loading class: LoadNeutralCityController
2012-05-29 18:18:41,390 | INFO  |  |  | Thread-2 | GameServer - loaded controller for event: C_LOAD_NEUTRAL_CITY_EVENT
2012-05-29 18:18:41,390 | INFO  |  |  | Thread-2 | GameServer - loading class: LoadPlayerCityController$1
2012-05-29 18:18:41,391 | WARN  |  |  | Thread-2 | GameServer - class file does not extend EventController: LoadPlayerCityController$1.class
2012-05-29 18:18:41,392 | INFO  |  |  | Thread-2 | GameServer - loading class: LoadPlayerCityController
2012-05-29 18:18:41,401 | INFO  |  |  | Thread-2 | GameServer - loaded controller for event: C_LOAD_PLAYER_CITY_EVENT
2012-05-29 18:18:41,401 | INFO  |  |  | Thread-2 | GameServer - loading class: MoveOrRotateNormStructureController$1
2012-05-29 18:18:41,407 | WARN  |  |  | Thread-2 | GameServer - class file does not extend EventController: MoveOrRotateNormStructureController$1.class
2012-05-29 18:18:41,408 | INFO  |  |  | Thread-2 | GameServer - loading class: MoveOrRotateNormStructureController
2012-05-29 18:18:41,428 | INFO  |  |  | Thread-2 | GameServer - loaded controller for event: C_MOVE_OR_ROTATE_NORM_STRUCTURE_EVENT
2012-05-29 18:18:41,428 | INFO  |  |  | Thread-2 | GameServer - loading class: NormStructWaitCompleteController$1
2012-05-29 18:18:41,450 | WARN  |  |  | Thread-2 | GameServer - class file does not extend EventController: NormStructWaitCompleteController$1.class
2012-05-29 18:18:41,450 | INFO  |  |  | Thread-2 | GameServer - loading class: NormStructWaitCompleteController
2012-05-29 18:18:41,509 | INFO  |  |  | Thread-2 | GameServer - loaded controller for event: C_NORM_STRUCT_WAIT_COMPLETE_EVENT
2012-05-29 18:18:41,509 | INFO  |  |  | Thread-2 | GameServer - loading class: PostOnPlayerWallController$1
2012-05-29 18:18:41,510 | WARN  |  |  | Thread-2 | GameServer - class file does not extend EventController: PostOnPlayerWallController$1.class
2012-05-29 18:18:41,511 | INFO  |  |  | Thread-2 | GameServer - loading class: PostOnPlayerWallController
2012-05-29 18:18:41,521 | INFO  |  |  | Thread-2 | GameServer - loaded controller for event: C_POST_ON_PLAYER_WALL
2012-05-29 18:18:41,521 | INFO  |  |  | Thread-2 | GameServer - loading class: PostToMarketplaceController$1
2012-05-29 18:18:41,522 | WARN  |  |  | Thread-2 | GameServer - class file does not extend EventController: PostToMarketplaceController$1.class
2012-05-29 18:18:41,522 | INFO  |  |  | Thread-2 | GameServer - loading class: PostToMarketplaceController
2012-05-29 18:18:41,536 | INFO  |  |  | Thread-2 | GameServer - loaded controller for event: C_POST_TO_MARKETPLACE_EVENT
2012-05-29 18:18:41,536 | INFO  |  |  | Thread-2 | GameServer - loading class: PurchaseCityExpansionController$1
2012-05-29 18:18:41,539 | WARN  |  |  | Thread-2 | GameServer - class file does not extend EventController: PurchaseCityExpansionController$1.class
2012-05-29 18:18:41,539 | INFO  |  |  | Thread-2 | GameServer - loading class: PurchaseCityExpansionController
2012-05-29 18:18:41,550 | INFO  |  |  | Thread-2 | GameServer - loaded controller for event: C_PURCHASE_CITY_EXPANSION_EVENT
2012-05-29 18:18:41,550 | INFO  |  |  | Thread-2 | GameServer - loading class: PurchaseFromMarketplaceController$1
2012-05-29 18:18:41,551 | WARN  |  |  | Thread-2 | GameServer - class file does not extend EventController: PurchaseFromMarketplaceController$1.class
2012-05-29 18:18:41,551 | INFO  |  |  | Thread-2 | GameServer - loading class: PurchaseFromMarketplaceController
2012-05-29 18:18:41,562 | INFO  |  |  | Thread-2 | GameServer - loaded controller for event: C_PURCHASE_FROM_MARKETPLACE_EVENT
2012-05-29 18:18:41,563 | INFO  |  |  | Thread-2 | GameServer - loading class: PurchaseMarketplaceLicenseController$1
2012-05-29 18:18:41,566 | WARN  |  |  | Thread-2 | GameServer - class file does not extend EventController: PurchaseMarketplaceLicenseController$1.class
2012-05-29 18:18:41,566 | INFO  |  |  | Thread-2 | GameServer - loading class: PurchaseMarketplaceLicenseController
2012-05-29 18:18:41,578 | INFO  |  |  | Thread-2 | GameServer - loaded controller for event: C_PURCHASE_MARKETPLACE_LICENSE_EVENT
2012-05-29 18:18:41,578 | INFO  |  |  | Thread-2 | GameServer - loading class: PurchaseNormStructureController$1
2012-05-29 18:18:41,581 | WARN  |  |  | Thread-2 | GameServer - class file does not extend EventController: PurchaseNormStructureController$1.class
2012-05-29 18:18:41,581 | INFO  |  |  | Thread-2 | GameServer - loading class: PurchaseNormStructureController
2012-05-29 18:18:41,589 | INFO  |  |  | Thread-2 | GameServer - loaded controller for event: C_PURCHASE_NORM_STRUCTURE_EVENT
2012-05-29 18:18:41,590 | INFO  |  |  | Thread-2 | GameServer - loading class: QuestAcceptController$1
2012-05-29 18:18:41,602 | WARN  |  |  | Thread-2 | GameServer - class file does not extend EventController: QuestAcceptController$1.class
2012-05-29 18:18:41,602 | INFO  |  |  | Thread-2 | GameServer - loading class: QuestAcceptController
2012-05-29 18:18:41,624 | INFO  |  |  | Thread-2 | GameServer - loaded controller for event: C_QUEST_ACCEPT_EVENT
2012-05-29 18:18:41,624 | INFO  |  |  | Thread-2 | GameServer - loading class: QuestRedeemController$1
2012-05-29 18:18:41,626 | WARN  |  |  | Thread-2 | GameServer - class file does not extend EventController: QuestRedeemController$1.class
2012-05-29 18:18:41,626 | INFO  |  |  | Thread-2 | GameServer - loading class: QuestRedeemController
2012-05-29 18:18:41,648 | INFO  |  |  | Thread-2 | GameServer - loaded controller for event: C_QUEST_REDEEM_EVENT
2012-05-29 18:18:41,648 | INFO  |  |  | Thread-2 | GameServer - loading class: RedeemMarketplaceEarningsController$1
2012-05-29 18:18:41,651 | WARN  |  |  | Thread-2 | GameServer - class file does not extend EventController: RedeemMarketplaceEarningsController$1.class
2012-05-29 18:18:41,652 | INFO  |  |  | Thread-2 | GameServer - loading class: RedeemMarketplaceEarningsController
2012-05-29 18:18:41,661 | INFO  |  |  | Thread-2 | GameServer - loaded controller for event: C_REDEEM_MARKETPLACE_EARNINGS_EVENT
2012-05-29 18:18:41,661 | INFO  |  |  | Thread-2 | GameServer - loading class: RefillStatWaitCompleteController$1
2012-05-29 18:18:41,664 | WARN  |  |  | Thread-2 | GameServer - class file does not extend EventController: RefillStatWaitCompleteController$1.class
2012-05-29 18:18:41,664 | INFO  |  |  | Thread-2 | GameServer - loading class: RefillStatWaitCompleteController
2012-05-29 18:18:41,682 | INFO  |  |  | Thread-2 | GameServer - loaded controller for event: C_REFILL_STAT_WAIT_COMPLETE_EVENT
2012-05-29 18:18:41,682 | INFO  |  |  | Thread-2 | GameServer - loading class: RefillStatWithDiamondsController$1
2012-05-29 18:18:41,683 | DEBUG |  |  | main | CityRetrieveUtils - setting static map of cityIds to city
2012-05-29 18:18:41,696 | WARN  |  |  | Thread-2 | GameServer - class file does not extend EventController: RefillStatWithDiamondsController$1.class
2012-05-29 18:18:41,697 | INFO  |  |  | Thread-2 | GameServer - loading class: RefillStatWithDiamondsController
2012-05-29 18:18:41,770 | INFO  |  |  | Thread-2 | GameServer - loaded controller for event: C_REFILL_STAT_WITH_DIAMONDS_EVENT
2012-05-29 18:18:41,770 | INFO  |  |  | Thread-2 | GameServer - loading class: RetractMarketplacePostController$1
2012-05-29 18:18:41,773 | WARN  |  |  | Thread-2 | GameServer - class file does not extend EventController: RetractMarketplacePostController$1.class
2012-05-29 18:18:41,773 | INFO  |  |  | Thread-2 | GameServer - loading class: RetractMarketplacePostController
2012-05-29 18:18:41,781 | INFO  |  |  | Thread-2 | GameServer - loaded controller for event: C_RETRACT_POST_FROM_MARKETPLACE_EVENT
2012-05-29 18:18:41,781 | INFO  |  |  | Thread-2 | GameServer - loading class: RetrieveCurrencyFromNormStructureController$1
2012-05-29 18:18:41,786 | WARN  |  |  | Thread-2 | GameServer - class file does not extend EventController: RetrieveCurrencyFromNormStructureController$1.class
2012-05-29 18:18:41,786 | INFO  |  |  | Thread-2 | GameServer - loading class: RetrieveCurrencyFromNormStructureController
2012-05-29 18:18:41,797 | DEBUG |  |  | main | DefeatTypeJobRetrieveUtils - setting static map of defeat type job ids to defeat type jobs
2012-05-29 18:18:41,806 | INFO  |  |  | Thread-2 | GameServer - loaded controller for event: C_RETRIEVE_CURRENCY_FROM_NORM_STRUCTURE_EVENT
2012-05-29 18:18:41,806 | INFO  |  |  | Thread-2 | GameServer - loading class: RetrieveCurrentMarketplacePostsController$1
2012-05-29 18:18:41,811 | WARN  |  |  | Thread-2 | GameServer - class file does not extend EventController: RetrieveCurrentMarketplacePostsController$1.class
2012-05-29 18:18:41,812 | INFO  |  |  | Thread-2 | GameServer - loading class: RetrieveCurrentMarketplacePostsController
2012-05-29 18:18:41,823 | INFO  |  |  | Thread-2 | GameServer - loaded controller for event: C_RETRIEVE_CURRENT_MARKETPLACE_POSTS_EVENT
2012-05-29 18:18:41,823 | INFO  |  |  | Thread-2 | GameServer - loading class: RetrievePlayerWallPostsController$1
2012-05-29 18:18:41,825 | WARN  |  |  | Thread-2 | GameServer - class file does not extend EventController: RetrievePlayerWallPostsController$1.class
2012-05-29 18:18:41,826 | INFO  |  |  | Thread-2 | GameServer - loading class: RetrievePlayerWallPostsController
2012-05-29 18:18:41,831 | INFO  |  |  | Thread-2 | GameServer - loaded controller for event: C_RETRIEVE_PLAYER_WALL_POSTS
2012-05-29 18:18:41,831 | INFO  |  |  | Thread-2 | GameServer - loading class: RetrieveStaticDataController$1
2012-05-29 18:18:41,832 | WARN  |  |  | Thread-2 | GameServer - class file does not extend EventController: RetrieveStaticDataController$1.class
2012-05-29 18:18:41,832 | INFO  |  |  | Thread-2 | GameServer - loading class: RetrieveStaticDataController
2012-05-29 18:18:41,841 | INFO  |  |  | Thread-2 | GameServer - loaded controller for event: C_RETRIEVE_STATIC_DATA_EVENT
2012-05-29 18:18:41,841 | INFO  |  |  | Thread-2 | GameServer - loading class: RetrieveStaticDataForShopController$1
2012-05-29 18:18:41,842 | WARN  |  |  | Thread-2 | GameServer - class file does not extend EventController: RetrieveStaticDataForShopController$1.class
2012-05-29 18:18:41,842 | INFO  |  |  | Thread-2 | GameServer - loading class: RetrieveStaticDataForShopController
2012-05-29 18:18:41,855 | INFO  |  |  | Thread-2 | GameServer - loaded controller for event: C_RETRIEVE_STATIC_DATA_FOR_SHOP_EVENT
2012-05-29 18:18:41,855 | INFO  |  |  | Thread-2 | GameServer - loading class: RetrieveUserEquipForUserController$1
2012-05-29 18:18:41,857 | WARN  |  |  | Thread-2 | GameServer - class file does not extend EventController: RetrieveUserEquipForUserController$1.class
2012-05-29 18:18:41,857 | INFO  |  |  | Thread-2 | GameServer - loading class: RetrieveUserEquipForUserController
2012-05-29 18:18:41,865 | INFO  |  |  | Thread-2 | GameServer - loaded controller for event: C_RETRIEVE_USER_EQUIP_FOR_USER
2012-05-29 18:18:41,865 | INFO  |  |  | Thread-2 | GameServer - loading class: RetrieveUsersForUserIdsController$1
2012-05-29 18:18:41,867 | WARN  |  |  | Thread-2 | GameServer - class file does not extend EventController: RetrieveUsersForUserIdsController$1.class
2012-05-29 18:18:41,867 | INFO  |  |  | Thread-2 | GameServer - loading class: RetrieveUsersForUserIdsController
2012-05-29 18:18:41,874 | INFO  |  |  | Thread-2 | GameServer - loaded controller for event: C_RETRIEVE_USERS_FOR_USER_IDS_EVENT
2012-05-29 18:18:41,874 | INFO  |  |  | Thread-2 | GameServer - loading class: SellNormStructureController$1
2012-05-29 18:18:41,876 | WARN  |  |  | Thread-2 | GameServer - class file does not extend EventController: SellNormStructureController$1.class
2012-05-29 18:18:41,876 | INFO  |  |  | Thread-2 | GameServer - loading class: SellNormStructureController
2012-05-29 18:18:41,881 | INFO  |  |  | Thread-2 | GameServer - loaded controller for event: C_SELL_NORM_STRUCTURE_EVENT
2012-05-29 18:18:41,882 | INFO  |  |  | Thread-2 | GameServer - loading class: StartupController$1
2012-05-29 18:18:41,884 | WARN  |  |  | Thread-2 | GameServer - class file does not extend EventController: StartupController$1.class
2012-05-29 18:18:41,884 | INFO  |  |  | Thread-2 | GameServer - loading class: StartupController
2012-05-29 18:18:41,894 | INFO  |  |  | Thread-2 | GameServer - loaded controller for event: C_STARTUP_EVENT
2012-05-29 18:18:41,894 | INFO  |  |  | Thread-2 | GameServer - loading class: TaskActionController$1
2012-05-29 18:18:41,898 | WARN  |  |  | Thread-2 | GameServer - class file does not extend EventController: TaskActionController$1.class
2012-05-29 18:18:41,898 | INFO  |  |  | Thread-2 | GameServer - loading class: TaskActionController
2012-05-29 18:18:41,907 | INFO  |  |  | Thread-2 | GameServer - loaded controller for event: C_TASK_ACTION_EVENT
2012-05-29 18:18:41,907 | INFO  |  |  | Thread-2 | GameServer - loading class: UpgradeNormStructureController$1
2012-05-29 18:18:41,908 | WARN  |  |  | Thread-2 | GameServer - class file does not extend EventController: UpgradeNormStructureController$1.class
2012-05-29 18:18:41,908 | INFO  |  |  | Thread-2 | GameServer - loading class: UpgradeNormStructureController
2012-05-29 18:18:41,916 | INFO  |  |  | Thread-2 | GameServer - loaded controller for event: C_UPGRADE_NORM_STRUCTURE_EVENT
2012-05-29 18:18:41,916 | INFO  |  |  | Thread-2 | GameServer - loading class: UserCreateController$1
2012-05-29 18:18:41,917 | WARN  |  |  | Thread-2 | GameServer - class file does not extend EventController: UserCreateController$1.class
2012-05-29 18:18:41,917 | INFO  |  |  | Thread-2 | GameServer - loading class: UserCreateController
2012-05-29 18:18:41,927 | INFO  |  |  | Thread-2 | GameServer - loaded controller for event: C_USER_CREATE_EVENT
2012-05-29 18:18:41,927 | INFO  |  |  | Thread-2 | GameServer - loading class: UserQuestDetailsController$1
2012-05-29 18:18:41,928 | WARN  |  |  | Thread-2 | GameServer - class file does not extend EventController: UserQuestDetailsController$1.class
2012-05-29 18:18:41,929 | INFO  |  |  | Thread-2 | GameServer - loading class: UserQuestDetailsController
2012-05-29 18:18:41,933 | INFO  |  |  | Thread-2 | GameServer - loaded controller for event: C_USER_QUEST_DETAILS_EVENT
2012-05-29 18:18:41,933 | INFO  |  |  | Thread-2 | GameServer - loading class: UseSkillPointController$1
2012-05-29 18:18:41,934 | WARN  |  |  | Thread-2 | GameServer - class file does not extend EventController: UseSkillPointController$1.class
2012-05-29 18:18:41,934 | INFO  |  |  | Thread-2 | GameServer - loading class: UseSkillPointController
2012-05-29 18:18:41,939 | INFO  |  |  | Thread-2 | GameServer - loaded controller for event: C_USE_SKILL_POINT_EVENT
2012-05-29 18:18:41,939 | INFO  |  |  | Thread-2 | GameServer - loading class: VaultController$1
2012-05-29 18:18:41,940 | WARN  |  |  | Thread-2 | GameServer - class file does not extend EventController: VaultController$1.class
2012-05-29 18:18:41,940 | INFO  |  |  | Thread-2 | GameServer - loading class: VaultController
2012-05-29 18:18:41,944 | INFO  |  |  | Thread-2 | GameServer - loaded controller for event: C_VAULT_EVENT
2012-05-29 18:18:41,944 | INFO  |  |  | Thread-2 | GameServer - initServerSocket : Initializing server socket
2012-05-29 18:18:41,958 | INFO  |  |  | Thread-2 | GameServer - binding to address: 10.1.10.20
2012-05-29 18:18:41,995 | DEBUG |  |  | main | EquipmentRetrieveUtils - setting static map of equipIds to equipment
2012-05-29 18:18:42,001 | INFO  |  |  | Thread-2 | GameServer - ******** GameServer running ********
2012-05-29 18:18:42,278 | INFO  |  |  | Thread-2 | GameServer - received connection from: /10.1.10.19
2012-05-29 18:18:42,628 | DEBUG |  |  | main | QuestRetrieveUtils - setting static quest graph
2012-05-29 18:18:42,789 | DEBUG |  |  | main | QuestRetrieveUtils - setting static map of questIds to quests
2012-05-29 18:18:42,926 | DEBUG |  |  | main | TaskEquipReqRetrieveUtils - setting static map of taskId to equipment/quantity map
2012-05-29 18:18:42,962 | DEBUG |  |  | main | TaskRetrieveUtils - setting static map of cityId to tasks
2012-05-29 18:18:43,119 | DEBUG |  |  | main | TaskRetrieveUtils - setting static map of taskIds to tasks
2012-05-29 18:18:43,257 | DEBUG |  |  | main | UpgradeStructJobRetrieveUtils - setting static map of upgrade struct job id to upgrade struct job
2012-05-29 18:18:43,290 | DEBUG |  |  | main | StructureRetrieveUtils - setting static map of structIds to structs
2012-05-29 18:18:43,447 | DEBUG |  |  | main | PossessEquipJobRetrieveUtils - setting static map of possess equip job id to possess equip job
2012-05-29 18:18:43,585 | DEBUG |  |  | main | LevelsRequiredExperienceRetrieveUtils - setting static map of levels to required experience for levels
2012-05-29 18:18:44,255 | DEBUG |  |  | main | NeutralCityElementsRetrieveUtils - setting static map of city id to neutral city elements for city
2012-05-29 18:18:51,656 | INFO  |  |  | Thread-10 | Attachment - Read event type: C_RETRIEVE_CURRENCY_FROM_NORM_STRUCTURE_EVENT and size: 29
2012-05-29 18:18:51,681 | DEBUG |  |  | Thread-10 | SelectAndRead - delegate event, new player created and channel set, player:1, channel: java.nio.channels.SocketChannel[connected local=/10.1.10.20:8888 remote=/10.1.10.19:50639]
2012-05-29 18:18:51,681 | INFO  | 1 | /10.1.10.19 | RetrieveCurrencyFromNormStructureController13 | EventController - Received event: com.lvl6.events.request.RetrieveCurrencyFromNormStructureRequestEvent@1a83e35b
2012-05-29 18:18:51,689 | DEBUG | 1 | /10.1.10.19 | RetrieveCurrencyFromNormStructureController13 | UserStructRetrieveUtils - retrieving user struct with id 238
2012-05-29 18:18:51,774 | DEBUG | 1 | /10.1.10.19 | RetrieveCurrencyFromNormStructureController13 | StructureRetrieveUtils - retrieve struct data for structId 1
2012-05-29 18:18:51,781 | DEBUG | 1 | /10.1.10.19 | RetrieveCurrencyFromNormStructureController13 | UserRetrieveUtils - retrieving user with userId 1
2012-05-29 18:18:51,970 | INFO  |  |  | EventWriter3 | EventWriter - writing normal event with type=S_RETRIEVE_CURRENCY_FROM_NORM_STRUCTURE_EVENT to player with id 1
2012-05-29 18:18:51,979 | DEBUG | 1 | /10.1.10.19 | RetrieveCurrencyFromNormStructureController13 | UserQuestRetrieveUtils - retrieving incomplete user quests for userId 1
2012-05-29 18:18:51,979 | INFO  |  |  | EventWriter2 | EventWriter - writing normal event with type=S_UPDATE_CLIENT_USER_EVENT to player with id 1
2012-05-29 18:18:52,042 | DEBUG | 1 | /10.1.10.19 | RetrieveCurrencyFromNormStructureController13 | QuestRetrieveUtils - retrieving quest with questId 2
2012-05-29 18:18:52,043 | ERROR | 1 | /10.1.10.19 | RetrieveCurrencyFromNormStructureController13 | RetrieveCurrencyFromNormStructureController - exception in RetrieveCurrencyFromNormStructureController processEvent
java.lang.StringIndexOutOfBoundsException: String index out of range: -3
	at java.lang.String.substring(String.java:1937)
	at com.lvl6.utils.utilmethods.StringUtils.getListInString(StringUtils.java:12)
	at com.lvl6.utils.utilmethods.UpdateUtils.updateUserQuestsCoinsretrievedforreq(UpdateUtils.java:37)
	at com.lvl6.server.controller.RetrieveCurrencyFromNormStructureController.updateAndCheckUserQuests(RetrieveCurrencyFromNormStructureController.java:127)
	at com.lvl6.server.controller.RetrieveCurrencyFromNormStructureController.processRequestEvent(RetrieveCurrencyFromNormStructureController.java:99)
	at com.lvl6.server.controller.EventController.processEvent(EventController.java:68)
	at com.lvl6.utils.Wrap.run(Wrap.java:70)
	at java.lang.Thread.run(Thread.java:680)
2012-05-29 18:18:52,044 | INFO  | 1 | /10.1.10.19 | RetrieveCurrencyFromNormStructureController13 | EventController - Finished processing event: com.lvl6.events.request.RetrieveCurrencyFromNormStructureRequestEvent@1a83e35b, took ~0.0 seconds
2012-05-29 18:21:21,266 | INFO  |  |  | Thread-10 | Attachment - Read event type: C_RETRIEVE_CURRENCY_FROM_NORM_STRUCTURE_EVENT and size: 29
2012-05-29 18:21:21,280 | INFO  | 1 | /10.1.10.19 | RetrieveCurrencyFromNormStructureController13 | EventController - Received event: com.lvl6.events.request.RetrieveCurrencyFromNormStructureRequestEvent@2a4bd173
2012-05-29 18:21:21,280 | DEBUG | 1 | /10.1.10.19 | RetrieveCurrencyFromNormStructureController13 | UserStructRetrieveUtils - retrieving user struct with id 238
2012-05-29 18:21:21,312 | DEBUG | 1 | /10.1.10.19 | RetrieveCurrencyFromNormStructureController13 | StructureRetrieveUtils - retrieve struct data for structId 1
2012-05-29 18:21:21,312 | DEBUG | 1 | /10.1.10.19 | RetrieveCurrencyFromNormStructureController13 | UserRetrieveUtils - retrieving user with userId 1
2012-05-29 18:21:21,429 | DEBUG | 1 | /10.1.10.19 | RetrieveCurrencyFromNormStructureController13 | UserQuestRetrieveUtils - retrieving incomplete user quests for userId 1
2012-05-29 18:21:21,430 | INFO  |  |  | EventWriter2 | EventWriter - writing normal event with type=S_RETRIEVE_CURRENCY_FROM_NORM_STRUCTURE_EVENT to player with id 1
2012-05-29 18:21:21,430 | INFO  |  |  | EventWriter3 | EventWriter - writing normal event with type=S_UPDATE_CLIENT_USER_EVENT to player with id 1
2012-05-29 18:21:21,557 | DEBUG | 1 | /10.1.10.19 | RetrieveCurrencyFromNormStructureController13 | QuestRetrieveUtils - retrieving quest with questId 2
2012-05-29 18:22:37,939 | DEBUG | 1 | /10.1.10.19 | RetrieveCurrencyFromNormStructureController13 | UserQuestRetrieveUtils - retrieving incomplete user quests for userId 1
2012-05-29 18:22:37,969 | DEBUG | 1 | /10.1.10.19 | RetrieveCurrencyFromNormStructureController13 | QuestRetrieveUtils - retrieving quest with questId 2
2012-05-29 18:22:37,969 | INFO  | 1 | /10.1.10.19 | RetrieveCurrencyFromNormStructureController13 | EventController - Finished processing event: com.lvl6.events.request.RetrieveCurrencyFromNormStructureRequestEvent@2a4bd173, took ~76.0 seconds
2012-05-29 18:22:37,969 | WARN  | 1 | /10.1.10.19 | RetrieveCurrencyFromNormStructureController13 | EventController - event: com.lvl6.events.request.RetrieveCurrencyFromNormStructureRequestEvent@2a4bd173 took over 1 seconds
2012-05-29 18:27:10,289 | INFO  |  |  | main | MLog - MLog clients using log4j logging.
2012-05-29 18:27:10,534 | INFO  |  |  | main | C3P0Registry - Initializing c3p0-0.9.2-pre2 [built 18-May-2012 10:14:10 -0400; debug? true; trace: 10]
2012-05-29 18:27:10,628 | INFO  |  |  | main | AbstractPoolBackedDataSource - Initializing c3p0 pool... com.mchange.v2.c3p0.ComboPooledDataSource [ acquireIncrement -> 10, acquireRetryAttempts -> 30, acquireRetryDelay -> 1000, autoCommitOnClose -> false, automaticTestTable -> c3p0_test_table, breakAfterAcquireFailure -> false, checkoutTimeout -> 0, connectionCustomizerClassName -> null, connectionTesterClassName -> com.mchange.v2.c3p0.impl.DefaultConnectionTester, dataSourceName -> 2rxedw8n173s87228env2|508aeb74, debugUnreturnedConnectionStackTraces -> false, description -> null, driverClass -> com.mysql.jdbc.Driver, factoryClassLocation -> null, forceIgnoreUnresolvedTransactions -> false, identityToken -> 2rxedw8n173s87228env2|508aeb74, idleConnectionTestPeriod -> 7200, initialPoolSize -> 10, jdbcUrl -> jdbc:mysql://utopiainstance1.cx558rzcwi45.us-west-1.rds.amazonaws.com/lostnations, maxAdministrativeTaskTime -> 0, maxConnectionAge -> 0, maxIdleTime -> 360000, maxIdleTimeExcessConnections -> 300, maxPoolSize -> 60, maxStatements -> 0, maxStatementsPerConnection -> 5, minPoolSize -> 10, numHelperThreads -> 6, preferredTestQuery -> null, properties -> {user=******, password=******}, propertyCycle -> 0, statementCacheNumDeferredCloseThreads -> 0, testConnectionOnCheckin -> false, testConnectionOnCheckout -> false, unreturnedConnectionTimeout -> 7200, usesTraditionalReflectiveProxies -> false ]
2012-05-29 18:27:11,773 | DEBUG |  |  | main | DBConnection - num_connections: 0
2012-05-29 18:27:11,773 | DEBUG |  |  | main | DBConnection - num_busy_connections: 0
2012-05-29 18:27:11,773 | DEBUG |  |  | main | DBConnection - num_idle_connections: 0
2012-05-29 18:27:11,792 | INFO  |  |  | Thread-2 | GameServer - init : Server initializing
2012-05-29 18:27:11,793 | INFO  |  |  | Thread-2 | GameServer - loadEventControllers : Loading event controllers
2012-05-29 18:27:11,796 | INFO  |  |  | Thread-2 | GameServer - loading class: AdminController$1
2012-05-29 18:27:11,805 | WARN  |  |  | Thread-2 | GameServer - class file does not extend EventController: AdminController$1.class
2012-05-29 18:27:11,805 | INFO  |  |  | Thread-2 | GameServer - loading class: AdminController
2012-05-29 18:27:11,827 | DEBUG |  |  | main | BuildStructJobRetrieveUtils - setting static map of build struct job id to build struct job
2012-05-29 18:27:11,885 | INFO  |  |  | Thread-2 | GameServer - loaded controller for event: A_ADMIN_UPDATE
2012-05-29 18:27:11,886 | INFO  |  |  | Thread-2 | GameServer - loading class: ArmoryController$1
2012-05-29 18:27:11,889 | WARN  |  |  | Thread-2 | GameServer - class file does not extend EventController: ArmoryController$1.class
2012-05-29 18:27:11,889 | INFO  |  |  | Thread-2 | GameServer - loading class: ArmoryController
2012-05-29 18:27:11,953 | INFO  |  |  | Thread-2 | GameServer - loaded controller for event: C_ARMORY_EVENT
2012-05-29 18:27:11,953 | INFO  |  |  | Thread-2 | GameServer - loading class: BattleController$1
2012-05-29 18:27:11,957 | WARN  |  |  | Thread-2 | GameServer - class file does not extend EventController: BattleController$1.class
2012-05-29 18:27:11,957 | INFO  |  |  | Thread-2 | GameServer - loading class: BattleController
2012-05-29 18:27:12,029 | INFO  |  |  | Thread-2 | GameServer - loaded controller for event: C_BATTLE_EVENT
2012-05-29 18:27:12,029 | INFO  |  |  | Thread-2 | GameServer - loading class: ChangeUserLocationController$1
2012-05-29 18:27:12,034 | WARN  |  |  | Thread-2 | GameServer - class file does not extend EventController: ChangeUserLocationController$1.class
2012-05-29 18:27:12,034 | INFO  |  |  | Thread-2 | GameServer - loading class: ChangeUserLocationController
2012-05-29 18:27:12,089 | INFO  |  |  | Thread-2 | GameServer - loaded controller for event: C_CHANGE_USER_LOCATION_EVENT
2012-05-29 18:27:12,090 | INFO  |  |  | Thread-2 | GameServer - loading class: ChatController$1
2012-05-29 18:27:12,094 | WARN  |  |  | Thread-2 | GameServer - class file does not extend EventController: ChatController$1.class
2012-05-29 18:27:12,094 | INFO  |  |  | Thread-2 | GameServer - loading class: ChatController
2012-05-29 18:27:12,126 | INFO  |  |  | Thread-2 | GameServer - loaded controller for event: C_CHAT_EVENT
2012-05-29 18:27:12,126 | INFO  |  |  | Thread-2 | GameServer - loading class: CriticalStructureActionController$1
2012-05-29 18:27:12,134 | WARN  |  |  | Thread-2 | GameServer - class file does not extend EventController: CriticalStructureActionController$1.class
2012-05-29 18:27:12,134 | INFO  |  |  | Thread-2 | GameServer - loading class: CriticalStructureActionController
2012-05-29 18:27:12,178 | INFO  |  |  | Thread-2 | GameServer - loaded controller for event: C_CRIT_STRUCTURE_ACTION_EVENT
2012-05-29 18:27:12,178 | INFO  |  |  | Thread-2 | GameServer - loading class: EnableAPNSController$1
2012-05-29 18:27:12,184 | WARN  |  |  | Thread-2 | GameServer - class file does not extend EventController: EnableAPNSController$1.class
2012-05-29 18:27:12,184 | INFO  |  |  | Thread-2 | GameServer - loading class: EnableAPNSController
2012-05-29 18:27:12,217 | INFO  |  |  | Thread-2 | GameServer - loaded controller for event: C_ENABLE_APNS_EVENT
2012-05-29 18:27:12,221 | INFO  |  |  | Thread-2 | GameServer - loading class: EquipEquipmentController$1
2012-05-29 18:27:12,226 | WARN  |  |  | Thread-2 | GameServer - class file does not extend EventController: EquipEquipmentController$1.class
2012-05-29 18:27:12,226 | INFO  |  |  | Thread-2 | GameServer - loading class: EquipEquipmentController
2012-05-29 18:27:12,287 | INFO  |  |  | Thread-2 | GameServer - loaded controller for event: C_EQUIP_EQUIPMENT_EVENT
2012-05-29 18:27:12,287 | INFO  |  |  | Thread-2 | GameServer - loading class: EventController$1
2012-05-29 18:27:12,287 | WARN  |  |  | Thread-2 | GameServer - class file does not extend EventController: EventController$1.class
2012-05-29 18:27:12,287 | INFO  |  |  | Thread-2 | GameServer - loading class: ExpansionWaitCompleteController$1
2012-05-29 18:27:12,292 | WARN  |  |  | Thread-2 | GameServer - class file does not extend EventController: ExpansionWaitCompleteController$1.class
2012-05-29 18:27:12,293 | INFO  |  |  | Thread-2 | GameServer - loading class: ExpansionWaitCompleteController
2012-05-29 18:27:12,329 | INFO  |  |  | Thread-2 | GameServer - loaded controller for event: C_EXPANSION_WAIT_COMPLETE_EVENT
2012-05-29 18:27:12,329 | INFO  |  |  | Thread-2 | GameServer - loading class: FinishNormStructWaittimeWithDiamondsController$1
2012-05-29 18:27:12,333 | WARN  |  |  | Thread-2 | GameServer - class file does not extend EventController: FinishNormStructWaittimeWithDiamondsController$1.class
2012-05-29 18:27:12,334 | INFO  |  |  | Thread-2 | GameServer - loading class: FinishNormStructWaittimeWithDiamondsController
2012-05-29 18:27:12,336 | DEBUG |  |  | main | CityRetrieveUtils - setting static map of cityIds to city
2012-05-29 18:27:12,417 | INFO  |  |  | Thread-2 | GameServer - loaded controller for event: C_FINISH_NORM_STRUCT_WAITTIME_WITH_DIAMONDS_EVENT
2012-05-29 18:27:12,418 | INFO  |  |  | Thread-2 | GameServer - loading class: GenerateAttackListController$1
2012-05-29 18:27:12,422 | WARN  |  |  | Thread-2 | GameServer - class file does not extend EventController: GenerateAttackListController$1.class
2012-05-29 18:27:12,422 | INFO  |  |  | Thread-2 | GameServer - loading class: GenerateAttackListController
2012-05-29 18:27:12,472 | INFO  |  |  | Thread-2 | GameServer - loaded controller for event: C_GENERATE_ATTACK_LIST_EVENT
2012-05-29 18:27:12,472 | INFO  |  |  | Thread-2 | GameServer - loading class: InAppPurchaseController$1
2012-05-29 18:27:12,518 | WARN  |  |  | Thread-2 | GameServer - class file does not extend EventController: InAppPurchaseController$1.class
2012-05-29 18:27:12,518 | INFO  |  |  | Thread-2 | GameServer - loading class: InAppPurchaseController
2012-05-29 18:27:12,571 | DEBUG |  |  | main | DefeatTypeJobRetrieveUtils - setting static map of defeat type job ids to defeat type jobs
2012-05-29 18:27:12,584 | INFO  |  |  | Thread-2 | GameServer - loaded controller for event: C_IN_APP_PURCHASE_EVENT
2012-05-29 18:27:12,584 | INFO  |  |  | Thread-2 | GameServer - loading class: LevelUpController$1
2012-05-29 18:27:12,588 | WARN  |  |  | Thread-2 | GameServer - class file does not extend EventController: LevelUpController$1.class
2012-05-29 18:27:12,588 | INFO  |  |  | Thread-2 | GameServer - loading class: LevelUpController
2012-05-29 18:27:12,658 | INFO  |  |  | Thread-2 | GameServer - loaded controller for event: C_LEVEL_UP_EVENT
2012-05-29 18:27:12,658 | INFO  |  |  | Thread-2 | GameServer - loading class: LoadNeutralCityController$1
2012-05-29 18:27:12,668 | WARN  |  |  | Thread-2 | GameServer - class file does not extend EventController: LoadNeutralCityController$1.class
2012-05-29 18:27:12,669 | INFO  |  |  | Thread-2 | GameServer - loading class: LoadNeutralCityController
2012-05-29 18:27:12,720 | DEBUG |  |  | main | EquipmentRetrieveUtils - setting static map of equipIds to equipment
2012-05-29 18:27:12,733 | INFO  |  |  | Thread-2 | GameServer - loaded controller for event: C_LOAD_NEUTRAL_CITY_EVENT
2012-05-29 18:27:12,733 | INFO  |  |  | Thread-2 | GameServer - loading class: LoadPlayerCityController$1
2012-05-29 18:27:12,737 | WARN  |  |  | Thread-2 | GameServer - class file does not extend EventController: LoadPlayerCityController$1.class
2012-05-29 18:27:12,737 | INFO  |  |  | Thread-2 | GameServer - loading class: LoadPlayerCityController
2012-05-29 18:27:12,780 | INFO  |  |  | Thread-2 | GameServer - loaded controller for event: C_LOAD_PLAYER_CITY_EVENT
2012-05-29 18:27:12,781 | INFO  |  |  | Thread-2 | GameServer - loading class: MoveOrRotateNormStructureController$1
2012-05-29 18:27:12,787 | WARN  |  |  | Thread-2 | GameServer - class file does not extend EventController: MoveOrRotateNormStructureController$1.class
2012-05-29 18:27:12,787 | INFO  |  |  | Thread-2 | GameServer - loading class: MoveOrRotateNormStructureController
2012-05-29 18:27:12,836 | INFO  |  |  | Thread-2 | GameServer - loaded controller for event: C_MOVE_OR_ROTATE_NORM_STRUCTURE_EVENT
2012-05-29 18:27:12,836 | INFO  |  |  | Thread-2 | GameServer - loading class: NormStructWaitCompleteController$1
2012-05-29 18:27:12,840 | WARN  |  |  | Thread-2 | GameServer - class file does not extend EventController: NormStructWaitCompleteController$1.class
2012-05-29 18:27:12,840 | INFO  |  |  | Thread-2 | GameServer - loading class: NormStructWaitCompleteController
2012-05-29 18:27:12,906 | INFO  |  |  | Thread-2 | GameServer - loaded controller for event: C_NORM_STRUCT_WAIT_COMPLETE_EVENT
2012-05-29 18:27:12,907 | INFO  |  |  | Thread-2 | GameServer - loading class: PostOnPlayerWallController$1
2012-05-29 18:27:12,922 | WARN  |  |  | Thread-2 | GameServer - class file does not extend EventController: PostOnPlayerWallController$1.class
2012-05-29 18:27:12,923 | INFO  |  |  | Thread-2 | GameServer - loading class: PostOnPlayerWallController
2012-05-29 18:27:12,971 | INFO  |  |  | Thread-2 | GameServer - loaded controller for event: C_POST_ON_PLAYER_WALL
2012-05-29 18:27:12,971 | INFO  |  |  | Thread-2 | GameServer - loading class: PostToMarketplaceController$1
2012-05-29 18:27:12,979 | WARN  |  |  | Thread-2 | GameServer - class file does not extend EventController: PostToMarketplaceController$1.class
2012-05-29 18:27:12,979 | INFO  |  |  | Thread-2 | GameServer - loading class: PostToMarketplaceController
2012-05-29 18:27:13,041 | DEBUG |  |  | main | QuestRetrieveUtils - setting static quest graph
2012-05-29 18:27:13,049 | INFO  |  |  | Thread-2 | GameServer - loaded controller for event: C_POST_TO_MARKETPLACE_EVENT
2012-05-29 18:27:13,050 | INFO  |  |  | Thread-2 | GameServer - loading class: PurchaseCityExpansionController$1
2012-05-29 18:27:13,054 | WARN  |  |  | Thread-2 | GameServer - class file does not extend EventController: PurchaseCityExpansionController$1.class
2012-05-29 18:27:13,054 | INFO  |  |  | Thread-2 | GameServer - loading class: PurchaseCityExpansionController
2012-05-29 18:27:13,093 | INFO  |  |  | Thread-2 | GameServer - loaded controller for event: C_PURCHASE_CITY_EXPANSION_EVENT
2012-05-29 18:27:13,093 | INFO  |  |  | Thread-2 | GameServer - loading class: PurchaseFromMarketplaceController$1
2012-05-29 18:27:13,097 | WARN  |  |  | Thread-2 | GameServer - class file does not extend EventController: PurchaseFromMarketplaceController$1.class
2012-05-29 18:27:13,097 | INFO  |  |  | Thread-2 | GameServer - loading class: PurchaseFromMarketplaceController
2012-05-29 18:27:13,143 | INFO  |  |  | Thread-2 | GameServer - loaded controller for event: C_PURCHASE_FROM_MARKETPLACE_EVENT
2012-05-29 18:27:13,143 | INFO  |  |  | Thread-2 | GameServer - loading class: PurchaseMarketplaceLicenseController$1
2012-05-29 18:27:13,147 | WARN  |  |  | Thread-2 | GameServer - class file does not extend EventController: PurchaseMarketplaceLicenseController$1.class
2012-05-29 18:27:13,147 | INFO  |  |  | Thread-2 | GameServer - loading class: PurchaseMarketplaceLicenseController
2012-05-29 18:27:13,185 | INFO  |  |  | Thread-2 | GameServer - loaded controller for event: C_PURCHASE_MARKETPLACE_LICENSE_EVENT
2012-05-29 18:27:13,185 | INFO  |  |  | Thread-2 | GameServer - loading class: PurchaseNormStructureController$1
2012-05-29 18:27:13,193 | WARN  |  |  | Thread-2 | GameServer - class file does not extend EventController: PurchaseNormStructureController$1.class
2012-05-29 18:27:13,193 | INFO  |  |  | Thread-2 | GameServer - loading class: PurchaseNormStructureController
2012-05-29 18:27:13,241 | INFO  |  |  | Thread-2 | GameServer - loaded controller for event: C_PURCHASE_NORM_STRUCTURE_EVENT
2012-05-29 18:27:13,242 | INFO  |  |  | Thread-2 | GameServer - loading class: QuestAcceptController$1
2012-05-29 18:27:13,246 | WARN  |  |  | Thread-2 | GameServer - class file does not extend EventController: QuestAcceptController$1.class
2012-05-29 18:27:13,246 | INFO  |  |  | Thread-2 | GameServer - loading class: QuestAcceptController
2012-05-29 18:27:13,288 | INFO  |  |  | Thread-2 | GameServer - loaded controller for event: C_QUEST_ACCEPT_EVENT
2012-05-29 18:27:13,289 | INFO  |  |  | Thread-2 | GameServer - loading class: QuestRedeemController$1
2012-05-29 18:27:13,293 | WARN  |  |  | Thread-2 | GameServer - class file does not extend EventController: QuestRedeemController$1.class
2012-05-29 18:27:13,293 | INFO  |  |  | Thread-2 | GameServer - loading class: QuestRedeemController
2012-05-29 18:27:13,343 | INFO  |  |  | Thread-2 | GameServer - loaded controller for event: C_QUEST_REDEEM_EVENT
2012-05-29 18:27:13,343 | INFO  |  |  | Thread-2 | GameServer - loading class: RedeemMarketplaceEarningsController$1
2012-05-29 18:27:13,347 | WARN  |  |  | Thread-2 | GameServer - class file does not extend EventController: RedeemMarketplaceEarningsController$1.class
2012-05-29 18:27:13,347 | INFO  |  |  | Thread-2 | GameServer - loading class: RedeemMarketplaceEarningsController
2012-05-29 18:27:13,380 | INFO  |  |  | Thread-2 | GameServer - loaded controller for event: C_REDEEM_MARKETPLACE_EARNINGS_EVENT
2012-05-29 18:27:13,380 | INFO  |  |  | Thread-2 | GameServer - loading class: RefillStatWaitCompleteController$1
2012-05-29 18:27:13,384 | WARN  |  |  | Thread-2 | GameServer - class file does not extend EventController: RefillStatWaitCompleteController$1.class
2012-05-29 18:27:13,384 | INFO  |  |  | Thread-2 | GameServer - loading class: RefillStatWaitCompleteController
2012-05-29 18:27:13,429 | INFO  |  |  | Thread-2 | GameServer - loaded controller for event: C_REFILL_STAT_WAIT_COMPLETE_EVENT
2012-05-29 18:27:13,429 | INFO  |  |  | Thread-2 | GameServer - loading class: RefillStatWithDiamondsController$1
2012-05-29 18:27:13,433 | WARN  |  |  | Thread-2 | GameServer - class file does not extend EventController: RefillStatWithDiamondsController$1.class
2012-05-29 18:27:13,433 | INFO  |  |  | Thread-2 | GameServer - loading class: RefillStatWithDiamondsController
2012-05-29 18:27:13,474 | INFO  |  |  | Thread-2 | GameServer - loaded controller for event: C_REFILL_STAT_WITH_DIAMONDS_EVENT
2012-05-29 18:27:13,474 | INFO  |  |  | Thread-2 | GameServer - loading class: RetractMarketplacePostController$1
2012-05-29 18:27:13,480 | WARN  |  |  | Thread-2 | GameServer - class file does not extend EventController: RetractMarketplacePostController$1.class
2012-05-29 18:27:13,480 | INFO  |  |  | Thread-2 | GameServer - loading class: RetractMarketplacePostController
2012-05-29 18:27:13,526 | INFO  |  |  | Thread-2 | GameServer - loaded controller for event: C_RETRACT_POST_FROM_MARKETPLACE_EVENT
2012-05-29 18:27:13,526 | INFO  |  |  | Thread-2 | GameServer - loading class: RetrieveCurrencyFromNormStructureController$1
2012-05-29 18:27:13,530 | WARN  |  |  | Thread-2 | GameServer - class file does not extend EventController: RetrieveCurrencyFromNormStructureController$1.class
2012-05-29 18:27:13,531 | INFO  |  |  | Thread-2 | GameServer - loading class: RetrieveCurrencyFromNormStructureController
2012-05-29 18:27:13,605 | INFO  |  |  | Thread-2 | GameServer - loaded controller for event: C_RETRIEVE_CURRENCY_FROM_NORM_STRUCTURE_EVENT
2012-05-29 18:27:13,605 | INFO  |  |  | Thread-2 | GameServer - loading class: RetrieveCurrentMarketplacePostsController$1
2012-05-29 18:27:13,622 | WARN  |  |  | Thread-2 | GameServer - class file does not extend EventController: RetrieveCurrentMarketplacePostsController$1.class
2012-05-29 18:27:13,623 | INFO  |  |  | Thread-2 | GameServer - loading class: RetrieveCurrentMarketplacePostsController
2012-05-29 18:27:13,674 | DEBUG |  |  | main | QuestRetrieveUtils - setting static map of questIds to quests
2012-05-29 18:27:13,682 | INFO  |  |  | Thread-2 | GameServer - loaded controller for event: C_RETRIEVE_CURRENT_MARKETPLACE_POSTS_EVENT
2012-05-29 18:27:13,682 | INFO  |  |  | Thread-2 | GameServer - loading class: RetrievePlayerWallPostsController$1
2012-05-29 18:27:13,686 | WARN  |  |  | Thread-2 | GameServer - class file does not extend EventController: RetrievePlayerWallPostsController$1.class
2012-05-29 18:27:13,686 | INFO  |  |  | Thread-2 | GameServer - loading class: RetrievePlayerWallPostsController
2012-05-29 18:27:13,727 | INFO  |  |  | Thread-2 | GameServer - loaded controller for event: C_RETRIEVE_PLAYER_WALL_POSTS
2012-05-29 18:27:13,727 | INFO  |  |  | Thread-2 | GameServer - loading class: RetrieveStaticDataController$1
2012-05-29 18:27:13,732 | WARN  |  |  | Thread-2 | GameServer - class file does not extend EventController: RetrieveStaticDataController$1.class
2012-05-29 18:27:13,732 | INFO  |  |  | Thread-2 | GameServer - loading class: RetrieveStaticDataController
2012-05-29 18:27:13,803 | DEBUG |  |  | main | TaskEquipReqRetrieveUtils - setting static map of taskId to equipment/quantity map
2012-05-29 18:27:13,815 | INFO  |  |  | Thread-2 | GameServer - loaded controller for event: C_RETRIEVE_STATIC_DATA_EVENT
2012-05-29 18:27:13,815 | INFO  |  |  | Thread-2 | GameServer - loading class: RetrieveStaticDataForShopController$1
2012-05-29 18:27:13,819 | WARN  |  |  | Thread-2 | GameServer - class file does not extend EventController: RetrieveStaticDataForShopController$1.class
2012-05-29 18:27:13,819 | INFO  |  |  | Thread-2 | GameServer - loading class: RetrieveStaticDataForShopController
2012-05-29 18:27:13,859 | DEBUG |  |  | main | TaskRetrieveUtils - setting static map of cityId to tasks
2012-05-29 18:27:13,868 | INFO  |  |  | Thread-2 | GameServer - loaded controller for event: C_RETRIEVE_STATIC_DATA_FOR_SHOP_EVENT
2012-05-29 18:27:13,868 | INFO  |  |  | Thread-2 | GameServer - loading class: RetrieveUserEquipForUserController$1
2012-05-29 18:27:13,872 | WARN  |  |  | Thread-2 | GameServer - class file does not extend EventController: RetrieveUserEquipForUserController$1.class
2012-05-29 18:27:13,872 | INFO  |  |  | Thread-2 | GameServer - loading class: RetrieveUserEquipForUserController
2012-05-29 18:27:13,907 | DEBUG |  |  | main | TaskRetrieveUtils - setting static map of taskIds to tasks
2012-05-29 18:27:13,913 | INFO  |  |  | Thread-2 | GameServer - loaded controller for event: C_RETRIEVE_USER_EQUIP_FOR_USER
2012-05-29 18:27:13,913 | INFO  |  |  | Thread-2 | GameServer - loading class: RetrieveUsersForUserIdsController$1
2012-05-29 18:27:13,919 | WARN  |  |  | Thread-2 | GameServer - class file does not extend EventController: RetrieveUsersForUserIdsController$1.class
2012-05-29 18:27:13,919 | INFO  |  |  | Thread-2 | GameServer - loading class: RetrieveUsersForUserIdsController
2012-05-29 18:27:13,952 | INFO  |  |  | Thread-2 | GameServer - loaded controller for event: C_RETRIEVE_USERS_FOR_USER_IDS_EVENT
2012-05-29 18:27:13,952 | INFO  |  |  | Thread-2 | GameServer - loading class: SellNormStructureController$1
2012-05-29 18:27:13,956 | WARN  |  |  | Thread-2 | GameServer - class file does not extend EventController: SellNormStructureController$1.class
2012-05-29 18:27:13,956 | INFO  |  |  | Thread-2 | GameServer - loading class: SellNormStructureController
2012-05-29 18:27:14,010 | INFO  |  |  | Thread-2 | GameServer - loaded controller for event: C_SELL_NORM_STRUCTURE_EVENT
2012-05-29 18:27:14,010 | INFO  |  |  | Thread-2 | GameServer - loading class: StartupController$1
2012-05-29 18:27:14,013 | DEBUG |  |  | main | UpgradeStructJobRetrieveUtils - setting static map of upgrade struct job id to upgrade struct job
2012-05-29 18:27:14,014 | WARN  |  |  | Thread-2 | GameServer - class file does not extend EventController: StartupController$1.class
2012-05-29 18:27:14,014 | INFO  |  |  | Thread-2 | GameServer - loading class: StartupController
2012-05-29 18:27:14,018 | INFO  |  |  | Thread-2 | GameServer - loaded controller for event: C_STARTUP_EVENT
2012-05-29 18:27:14,018 | INFO  |  |  | Thread-2 | GameServer - loading class: TaskActionController$1
2012-05-29 18:27:14,022 | WARN  |  |  | Thread-2 | GameServer - class file does not extend EventController: TaskActionController$1.class
2012-05-29 18:27:14,022 | INFO  |  |  | Thread-2 | GameServer - loading class: TaskActionController
2012-05-29 18:27:14,096 | INFO  |  |  | Thread-2 | GameServer - loaded controller for event: C_TASK_ACTION_EVENT
2012-05-29 18:27:14,097 | INFO  |  |  | Thread-2 | GameServer - loading class: UpgradeNormStructureController$1
2012-05-29 18:27:14,100 | DEBUG |  |  | main | StructureRetrieveUtils - setting static map of structIds to structs
2012-05-29 18:27:14,102 | WARN  |  |  | Thread-2 | GameServer - class file does not extend EventController: UpgradeNormStructureController$1.class
2012-05-29 18:27:14,103 | INFO  |  |  | Thread-2 | GameServer - loading class: UpgradeNormStructureController
2012-05-29 18:27:14,151 | INFO  |  |  | Thread-2 | GameServer - loaded controller for event: C_UPGRADE_NORM_STRUCTURE_EVENT
2012-05-29 18:27:14,151 | INFO  |  |  | Thread-2 | GameServer - loading class: UserCreateController$1
2012-05-29 18:27:14,155 | WARN  |  |  | Thread-2 | GameServer - class file does not extend EventController: UserCreateController$1.class
2012-05-29 18:27:14,155 | INFO  |  |  | Thread-2 | GameServer - loading class: UserCreateController
2012-05-29 18:27:14,242 | DEBUG |  |  | main | PossessEquipJobRetrieveUtils - setting static map of possess equip job id to possess equip job
2012-05-29 18:27:14,250 | INFO  |  |  | Thread-2 | GameServer - loaded controller for event: C_USER_CREATE_EVENT
2012-05-29 18:27:14,250 | INFO  |  |  | Thread-2 | GameServer - loading class: UserQuestDetailsController$1
2012-05-29 18:27:14,254 | WARN  |  |  | Thread-2 | GameServer - class file does not extend EventController: UserQuestDetailsController$1.class
2012-05-29 18:27:14,254 | INFO  |  |  | Thread-2 | GameServer - loading class: UserQuestDetailsController
2012-05-29 18:27:14,301 | INFO  |  |  | Thread-2 | GameServer - loaded controller for event: C_USER_QUEST_DETAILS_EVENT
2012-05-29 18:27:14,301 | INFO  |  |  | Thread-2 | GameServer - loading class: UseSkillPointController$1
2012-05-29 18:27:14,305 | DEBUG |  |  | main | LevelsRequiredExperienceRetrieveUtils - setting static map of levels to required experience for levels
2012-05-29 18:27:14,309 | WARN  |  |  | Thread-2 | GameServer - class file does not extend EventController: UseSkillPointController$1.class
2012-05-29 18:27:14,309 | INFO  |  |  | Thread-2 | GameServer - loading class: UseSkillPointController
2012-05-29 18:27:14,353 | INFO  |  |  | Thread-2 | GameServer - loaded controller for event: C_USE_SKILL_POINT_EVENT
2012-05-29 18:27:14,353 | INFO  |  |  | Thread-2 | GameServer - loading class: VaultController$1
2012-05-29 18:27:14,358 | DEBUG |  |  | main | NeutralCityElementsRetrieveUtils - setting static map of city id to neutral city elements for city
2012-05-29 18:27:14,361 | WARN  |  |  | Thread-2 | GameServer - class file does not extend EventController: VaultController$1.class
2012-05-29 18:27:14,361 | INFO  |  |  | Thread-2 | GameServer - loading class: VaultController
2012-05-29 18:27:14,397 | INFO  |  |  | Thread-2 | GameServer - loaded controller for event: C_VAULT_EVENT
2012-05-29 18:27:14,397 | INFO  |  |  | Thread-2 | GameServer - initServerSocket : Initializing server socket
2012-05-29 18:27:14,430 | INFO  |  |  | Thread-2 | GameServer - binding to address: 10.1.10.20
2012-05-29 18:27:14,575 | INFO  |  |  | Thread-2 | GameServer - ******** GameServer running ********
2012-05-29 18:27:21,013 | INFO  |  |  | Thread-2 | GameServer - received connection from: /10.1.10.19
2012-05-29 18:27:23,159 | INFO  |  |  | Thread-10 | Attachment - Read event type: C_STARTUP_EVENT and size: 41
2012-05-29 18:27:23,208 | DEBUG |  |  | Thread-10 | SelectAndRead - new pre-db player, udid: 06ae829e31a8a313473809a4ee901e53
2012-05-29 18:27:23,212 | INFO  |  |  | StartupController2 | EventController - Received event: com.lvl6.events.request.StartupRequestEvent@139ba1d8
2012-05-29 18:27:23,212 | INFO  |  |  | StartupController2 | StartupController - com.lvl6.events.request.StartupRequestEvent@139ba1d8
2012-05-29 18:27:23,601 | DEBUG | 06ae829e31a8a313473809a4ee901e53 | /10.1.10.19 | StartupController2 | UserRetrieveUtils - retrieving user with udid 06ae829e31a8a313473809a4ee901e53
2012-05-29 18:27:23,655 | DEBUG | 06ae829e31a8a313473809a4ee901e53 | /10.1.10.19 | StartupController2 | UserCityRetrieveUtils - retrieving city id to user city rank map for userId 1
2012-05-29 18:27:23,702 | DEBUG | 06ae829e31a8a313473809a4ee901e53 | /10.1.10.19 | StartupController2 | UserTaskRetrieveUtils - retrieving task id to num times acted in rank map for userId 1
2012-05-29 18:27:23,730 | DEBUG | 06ae829e31a8a313473809a4ee901e53 | /10.1.10.19 | StartupController2 | CityRetrieveUtils - retrieving all cities data
2012-05-29 18:27:23,781 | DEBUG | 06ae829e31a8a313473809a4ee901e53 | /10.1.10.19 | StartupController2 | TaskRetrieveUtils - retrieving all tasks for cityId 1
2012-05-29 18:27:23,782 | DEBUG | 06ae829e31a8a313473809a4ee901e53 | /10.1.10.19 | StartupController2 | TaskRetrieveUtils - retrieving all tasks for cityId 1
2012-05-29 18:27:23,783 | DEBUG | 06ae829e31a8a313473809a4ee901e53 | /10.1.10.19 | StartupController2 | TaskRetrieveUtils - retrieving all tasks for cityId 2
2012-05-29 18:27:23,783 | DEBUG | 06ae829e31a8a313473809a4ee901e53 | /10.1.10.19 | StartupController2 | TaskRetrieveUtils - retrieving all tasks for cityId 2
2012-05-29 18:27:23,783 | DEBUG | 06ae829e31a8a313473809a4ee901e53 | /10.1.10.19 | StartupController2 | TaskRetrieveUtils - retrieving all tasks for cityId 3
2012-05-29 18:27:23,783 | DEBUG | 06ae829e31a8a313473809a4ee901e53 | /10.1.10.19 | StartupController2 | TaskRetrieveUtils - retrieving all tasks for cityId 4
2012-05-29 18:27:23,783 | DEBUG | 06ae829e31a8a313473809a4ee901e53 | /10.1.10.19 | StartupController2 | TaskRetrieveUtils - retrieving all tasks for cityId 5
2012-05-29 18:27:23,783 | DEBUG | 06ae829e31a8a313473809a4ee901e53 | /10.1.10.19 | StartupController2 | TaskRetrieveUtils - retrieving all tasks for cityId 6
2012-05-29 18:27:23,784 | DEBUG | 06ae829e31a8a313473809a4ee901e53 | /10.1.10.19 | StartupController2 | TaskRetrieveUtils - retrieving all tasks for cityId 7
2012-05-29 18:27:23,784 | DEBUG | 06ae829e31a8a313473809a4ee901e53 | /10.1.10.19 | StartupController2 | TaskRetrieveUtils - retrieving all tasks for cityId 8
2012-05-29 18:27:23,787 | DEBUG | 06ae829e31a8a313473809a4ee901e53 | /10.1.10.19 | StartupController2 | UserQuestRetrieveUtils - retrieving unredeemed and redeemed user quests for userId 1
2012-05-29 18:27:23,814 | DEBUG | 06ae829e31a8a313473809a4ee901e53 | /10.1.10.19 | StartupController2 | QuestRetrieveUtils - retrieving all quest data
2012-05-29 18:27:23,815 | DEBUG | 06ae829e31a8a313473809a4ee901e53 | /10.1.10.19 | StartupController2 | NeutralCityElementsRetrieveUtils - retrieving neutral city element with assetId 5 in cityId 1
2012-05-29 18:27:23,967 | DEBUG | 06ae829e31a8a313473809a4ee901e53 | /10.1.10.19 | StartupController2 | QuestRetrieveUtils - retrieving quest graph
2012-05-29 18:27:23,970 | DEBUG | 06ae829e31a8a313473809a4ee901e53 | /10.1.10.19 | StartupController2 | UserEquipRetrieveUtils - retrieving user equips for userId 1
2012-05-29 18:27:24,000 | DEBUG | 06ae829e31a8a313473809a4ee901e53 | /10.1.10.19 | StartupController2 | EquipmentRetrieveUtils - retrieving all equipment data
2012-05-29 18:27:24,007 | DEBUG | 06ae829e31a8a313473809a4ee901e53 | /10.1.10.19 | StartupController2 | LevelsRequiredExperienceRetrieveUtils - retrieving exp-requirement for level 9
2012-05-29 18:27:24,008 | DEBUG | 06ae829e31a8a313473809a4ee901e53 | /10.1.10.19 | StartupController2 | LevelsRequiredExperienceRetrieveUtils - retrieving exp-requirement for level 8
2012-05-29 18:27:24,015 | DEBUG | 06ae829e31a8a313473809a4ee901e53 | /10.1.10.19 | StartupController2 | MarketplaceTransactionRetrieveUtils - retrieving up to 10 most recent marketplace transactions posts for 1
2012-05-29 18:27:24,069 | DEBUG | 06ae829e31a8a313473809a4ee901e53 | /10.1.10.19 | StartupController2 | BattleDetailsRetrieveUtils - retrieving most recent battle details posts for 1
2012-05-29 18:27:24,109 | DEBUG | 06ae829e31a8a313473809a4ee901e53 | /10.1.10.19 | StartupController2 | PlayerWallPostRetrieveUtils - retrieving 15 player wall posts for wallOwner 1
2012-05-29 18:27:24,139 | DEBUG | 06ae829e31a8a313473809a4ee901e53 | /10.1.10.19 | StartupController2 | UserRetrieveUtils - retrieving users with userIds [2596, 2599, 2596, 2595]
2012-05-29 18:27:24,297 | DEBUG | 06ae829e31a8a313473809a4ee901e53 | /10.1.10.19 | StartupController2 | EquipmentRetrieveUtils - retrieving all equipment data
2012-05-29 18:27:24,337 | INFO  | 06ae829e31a8a313473809a4ee901e53 | /10.1.10.19 | StartupController2 | StartupController - Writing event: com.lvl6.events.response.StartupResponseEvent@1a6cffbb
2012-05-29 18:27:24,501 | INFO  | 06ae829e31a8a313473809a4ee901e53 | /10.1.10.19 | StartupController2 | EventController - Finished processing event: com.lvl6.events.request.StartupRequestEvent@139ba1d8, took ~1.0 seconds
2012-05-29 18:27:24,826 | INFO  |  |  | Thread-10 | Attachment - Read event type: C_LOAD_PLAYER_CITY_EVENT and size: 23
2012-05-29 18:27:24,896 | DEBUG |  |  | Thread-10 | SelectAndRead - delegate event, new player created and channel set, player:1, channel: java.nio.channels.SocketChannel[connected local=/10.1.10.20:8888 remote=/10.1.10.19:50651]
2012-05-29 18:27:24,896 | INFO  |  |  | Thread-10 | Attachment - Read event type: C_RETRIEVE_STATIC_DATA_EVENT and size: 23
2012-05-29 18:27:24,896 | INFO  | 1 | /10.1.10.19 | LoadPlayerCityController9 | EventController - Received event: com.lvl6.events.request.LoadPlayerCityRequestEvent@40e1f305
2012-05-29 18:27:25,033 | INFO  | 1 | /10.1.10.19 | RetrieveStaticDataController14 | EventController - Received event: com.lvl6.events.request.RetrieveStaticDataRequestEvent@221a5770
2012-05-29 18:27:25,459 | DEBUG | 1 | /10.1.10.19 | RetrieveStaticDataController14 | DefeatTypeJobRetrieveUtils - retrieving all defeat type job data
2012-05-29 18:27:25,515 | INFO  | 1 | /10.1.10.19 | RetrieveStaticDataController14 | EventController - Finished processing event: com.lvl6.events.request.RetrieveStaticDataRequestEvent@221a5770, took ~0.0 seconds
2012-05-29 18:27:25,516 | INFO  |  |  | EventWriter2 | EventWriter - writing normal event with type=S_RETRIEVE_STATIC_DATA_EVENT to player with id 1
2012-05-29 18:27:25,585 | DEBUG | 1 | /10.1.10.19 | LoadPlayerCityController9 | UserRetrieveUtils - retrieving user with userId 1
2012-05-29 18:27:25,664 | DEBUG | 1 | /10.1.10.19 | LoadPlayerCityController9 | UserStructRetrieveUtils - retrieving user structs for userId 1
2012-05-29 18:27:25,675 | INFO  |  |  | Thread-10 | Attachment - Read event type: C_RETRIEVE_STATIC_DATA_EVENT and size: 21
2012-05-29 18:27:25,676 | INFO  | 1 | /10.1.10.19 | RetrieveStaticDataController14 | EventController - Received event: com.lvl6.events.request.RetrieveStaticDataRequestEvent@3b064a6d
2012-05-29 18:27:25,676 | DEBUG | 1 | /10.1.10.19 | RetrieveStaticDataController14 | EquipmentRetrieveUtils - retrieving all equipment data
2012-05-29 18:27:25,676 | INFO  | 1 | /10.1.10.19 | RetrieveStaticDataController14 | EventController - Finished processing event: com.lvl6.events.request.RetrieveStaticDataRequestEvent@3b064a6d, took ~0.0 seconds
2012-05-29 18:27:25,676 | INFO  |  |  | EventWriter2 | EventWriter - writing normal event with type=S_RETRIEVE_STATIC_DATA_EVENT to player with id 1
2012-05-29 18:27:25,841 | DEBUG | 1 | /10.1.10.19 | LoadPlayerCityController9 | UserRetrieveUtils - retrieving list of users for user 1 with requested types [BAD_ARCHER, BAD_MAGE, BAD_WARRIOR] , 4 users  around player level 8, guaranteeNum=false, latLowerBound=null, latUpperBound=null, longLowerBound=null, longUpperBound=null, forBattle=false
2012-05-29 18:27:25,971 | DEBUG | 1 | /10.1.10.19 | LoadPlayerCityController9 | UserRetrieveUtils - retrieved 4 users in level range 6-9 when 4 around 8 were requested
2012-05-29 18:27:25,972 | INFO  | 1 | /10.1.10.19 | LoadPlayerCityController9 | EventController - Finished processing event: com.lvl6.events.request.LoadPlayerCityRequestEvent@40e1f305, took ~1.0 seconds
2012-05-29 18:27:25,973 | INFO  |  |  | EventWriter2 | EventWriter - writing normal event with type=S_LOAD_PLAYER_CITY_EVENT to player with id 1
2012-05-29 18:27:26,300 | INFO  |  |  | Thread-10 | Attachment - Read event type: C_RETRIEVE_STATIC_DATA_EVENT and size: 21
2012-05-29 18:27:26,300 | INFO  | 1 | /10.1.10.19 | RetrieveStaticDataController14 | EventController - Received event: com.lvl6.events.request.RetrieveStaticDataRequestEvent@5db18235
2012-05-29 18:27:26,300 | DEBUG | 1 | /10.1.10.19 | RetrieveStaticDataController14 | StructureRetrieveUtils - retrieving all structs data
2012-05-29 18:27:26,303 | INFO  | 1 | /10.1.10.19 | RetrieveStaticDataController14 | EventController - Finished processing event: com.lvl6.events.request.RetrieveStaticDataRequestEvent@5db18235, took ~0.0 seconds
2012-05-29 18:27:26,304 | INFO  |  |  | EventWriter2 | EventWriter - writing normal event with type=S_RETRIEVE_STATIC_DATA_EVENT to player with id 1
2012-05-29 18:28:40,572 | DEBUG |  |  | Thread-10 | UserRetrieveUtils - retrieving user with userId 1
2012-05-29 18:28:40,645 | INFO  |  |  | Thread-10 | SelectAndRead - disconnect: /10.1.10.19, end-of-stream
2012-05-29 18:28:41,503 | INFO  |  |  | Thread-2 | GameServer - received connection from: /10.1.10.19
2012-05-29 18:28:42,478 | INFO  |  |  | Thread-10 | Attachment - Read event type: C_STARTUP_EVENT and size: 41
2012-05-29 18:28:42,478 | DEBUG |  |  | Thread-10 | SelectAndRead - new pre-db player, udid: 06ae829e31a8a313473809a4ee901e53
2012-05-29 18:28:42,478 | INFO  |  |  | StartupController2 | EventController - Received event: com.lvl6.events.request.StartupRequestEvent@132cd8d4
2012-05-29 18:28:42,479 | INFO  |  |  | StartupController2 | StartupController - udid: "06ae829e31a8a313473809a4ee901e53"
versionNum: 1.0
apsalarId: ""

2012-05-29 18:28:49,911 | DEBUG | 06ae829e31a8a313473809a4ee901e53 | /10.1.10.19 | StartupController2 | UserRetrieveUtils - retrieving user with udid 06ae829e31a8a313473809a4ee901e53
2012-05-29 18:28:49,961 | DEBUG | 06ae829e31a8a313473809a4ee901e53 | /10.1.10.19 | StartupController2 | UserCityRetrieveUtils - retrieving city id to user city rank map for userId 1
2012-05-29 18:28:49,992 | DEBUG | 06ae829e31a8a313473809a4ee901e53 | /10.1.10.19 | StartupController2 | UserTaskRetrieveUtils - retrieving task id to num times acted in rank map for userId 1
2012-05-29 18:28:50,031 | DEBUG | 06ae829e31a8a313473809a4ee901e53 | /10.1.10.19 | StartupController2 | CityRetrieveUtils - retrieving all cities data
2012-05-29 18:28:50,031 | DEBUG | 06ae829e31a8a313473809a4ee901e53 | /10.1.10.19 | StartupController2 | TaskRetrieveUtils - retrieving all tasks for cityId 1
2012-05-29 18:28:50,031 | DEBUG | 06ae829e31a8a313473809a4ee901e53 | /10.1.10.19 | StartupController2 | TaskRetrieveUtils - retrieving all tasks for cityId 1
2012-05-29 18:28:50,031 | DEBUG | 06ae829e31a8a313473809a4ee901e53 | /10.1.10.19 | StartupController2 | TaskRetrieveUtils - retrieving all tasks for cityId 2
2012-05-29 18:28:50,031 | DEBUG | 06ae829e31a8a313473809a4ee901e53 | /10.1.10.19 | StartupController2 | TaskRetrieveUtils - retrieving all tasks for cityId 2
2012-05-29 18:28:50,031 | DEBUG | 06ae829e31a8a313473809a4ee901e53 | /10.1.10.19 | StartupController2 | TaskRetrieveUtils - retrieving all tasks for cityId 3
2012-05-29 18:28:50,031 | DEBUG | 06ae829e31a8a313473809a4ee901e53 | /10.1.10.19 | StartupController2 | TaskRetrieveUtils - retrieving all tasks for cityId 4
2012-05-29 18:28:50,031 | DEBUG | 06ae829e31a8a313473809a4ee901e53 | /10.1.10.19 | StartupController2 | TaskRetrieveUtils - retrieving all tasks for cityId 5
2012-05-29 18:28:50,032 | DEBUG | 06ae829e31a8a313473809a4ee901e53 | /10.1.10.19 | StartupController2 | TaskRetrieveUtils - retrieving all tasks for cityId 6
2012-05-29 18:28:50,032 | DEBUG | 06ae829e31a8a313473809a4ee901e53 | /10.1.10.19 | StartupController2 | TaskRetrieveUtils - retrieving all tasks for cityId 7
2012-05-29 18:28:50,032 | DEBUG | 06ae829e31a8a313473809a4ee901e53 | /10.1.10.19 | StartupController2 | TaskRetrieveUtils - retrieving all tasks for cityId 8
2012-05-29 18:28:50,032 | DEBUG | 06ae829e31a8a313473809a4ee901e53 | /10.1.10.19 | StartupController2 | UserQuestRetrieveUtils - retrieving unredeemed and redeemed user quests for userId 1
2012-05-29 18:28:50,072 | DEBUG | 06ae829e31a8a313473809a4ee901e53 | /10.1.10.19 | StartupController2 | QuestRetrieveUtils - retrieving all quest data
2012-05-29 18:28:50,073 | DEBUG | 06ae829e31a8a313473809a4ee901e53 | /10.1.10.19 | StartupController2 | NeutralCityElementsRetrieveUtils - retrieving neutral city element with assetId 5 in cityId 1
2012-05-29 18:28:50,073 | DEBUG | 06ae829e31a8a313473809a4ee901e53 | /10.1.10.19 | StartupController2 | QuestRetrieveUtils - retrieving quest graph
2012-05-29 18:28:50,073 | DEBUG | 06ae829e31a8a313473809a4ee901e53 | /10.1.10.19 | StartupController2 | UserEquipRetrieveUtils - retrieving user equips for userId 1
2012-05-29 18:28:50,101 | DEBUG | 06ae829e31a8a313473809a4ee901e53 | /10.1.10.19 | StartupController2 | EquipmentRetrieveUtils - retrieving all equipment data
2012-05-29 18:28:50,101 | DEBUG | 06ae829e31a8a313473809a4ee901e53 | /10.1.10.19 | StartupController2 | LevelsRequiredExperienceRetrieveUtils - retrieving exp-requirement for level 9
2012-05-29 18:28:50,101 | DEBUG | 06ae829e31a8a313473809a4ee901e53 | /10.1.10.19 | StartupController2 | LevelsRequiredExperienceRetrieveUtils - retrieving exp-requirement for level 8
2012-05-29 18:28:50,101 | DEBUG | 06ae829e31a8a313473809a4ee901e53 | /10.1.10.19 | StartupController2 | MarketplaceTransactionRetrieveUtils - retrieving up to 10 most recent marketplace transactions posts for 1
2012-05-29 18:28:50,142 | DEBUG | 06ae829e31a8a313473809a4ee901e53 | /10.1.10.19 | StartupController2 | BattleDetailsRetrieveUtils - retrieving most recent battle details posts for 1
2012-05-29 18:28:50,178 | DEBUG | 06ae829e31a8a313473809a4ee901e53 | /10.1.10.19 | StartupController2 | PlayerWallPostRetrieveUtils - retrieving 15 player wall posts for wallOwner 1
2012-05-29 18:28:50,210 | DEBUG | 06ae829e31a8a313473809a4ee901e53 | /10.1.10.19 | StartupController2 | UserRetrieveUtils - retrieving users with userIds [2596, 2599, 2596, 2595]
2012-05-29 18:28:50,245 | DEBUG | 06ae829e31a8a313473809a4ee901e53 | /10.1.10.19 | StartupController2 | EquipmentRetrieveUtils - retrieving all equipment data
2012-05-29 18:28:50,245 | INFO  | 06ae829e31a8a313473809a4ee901e53 | /10.1.10.19 | StartupController2 | StartupController - Writing event: com.lvl6.events.response.StartupResponseEvent@7bcf6f61
2012-05-29 18:28:50,301 | INFO  | 06ae829e31a8a313473809a4ee901e53 | /10.1.10.19 | StartupController2 | EventController - Finished processing event: com.lvl6.events.request.StartupRequestEvent@132cd8d4, took ~7.0 seconds
2012-05-29 18:28:50,301 | WARN  | 06ae829e31a8a313473809a4ee901e53 | /10.1.10.19 | StartupController2 | EventController - event: com.lvl6.events.request.StartupRequestEvent@132cd8d4 took over 1 seconds
2012-05-29 18:28:50,430 | INFO  |  |  | Thread-10 | Attachment - Read event type: C_LOAD_PLAYER_CITY_EVENT and size: 23
2012-05-29 18:28:50,430 | DEBUG |  |  | Thread-10 | SelectAndRead - delegate event, new player created and channel set, player:1, channel: java.nio.channels.SocketChannel[connected local=/10.1.10.20:8888 remote=/10.1.10.19:50668]
2012-05-29 18:28:50,430 | INFO  | 1 | /10.1.10.19 | LoadPlayerCityController9 | EventController - Received event: com.lvl6.events.request.LoadPlayerCityRequestEvent@7f85e155
2012-05-29 18:28:50,430 | DEBUG | 1 | /10.1.10.19 | LoadPlayerCityController9 | UserRetrieveUtils - retrieving user with userId 1
2012-05-29 18:28:50,432 | INFO  |  |  | Thread-10 | Attachment - Read event type: C_RETRIEVE_STATIC_DATA_EVENT and size: 23
2012-05-29 18:28:50,433 | INFO  | 1 | /10.1.10.19 | RetrieveStaticDataController14 | EventController - Received event: com.lvl6.events.request.RetrieveStaticDataRequestEvent@6f45d7f2
2012-05-29 18:28:50,433 | DEBUG | 1 | /10.1.10.19 | RetrieveStaticDataController14 | DefeatTypeJobRetrieveUtils - retrieving all defeat type job data
2012-05-29 18:28:50,433 | INFO  | 1 | /10.1.10.19 | RetrieveStaticDataController14 | EventController - Finished processing event: com.lvl6.events.request.RetrieveStaticDataRequestEvent@6f45d7f2, took ~0.0 seconds
2012-05-29 18:28:50,433 | INFO  |  |  | EventWriter2 | EventWriter - writing normal event with type=S_RETRIEVE_STATIC_DATA_EVENT to player with id 1
2012-05-29 18:28:50,459 | DEBUG | 1 | /10.1.10.19 | LoadPlayerCityController9 | UserStructRetrieveUtils - retrieving user structs for userId 1
2012-05-29 18:28:50,463 | INFO  |  |  | Thread-10 | Attachment - Read event type: C_RETRIEVE_STATIC_DATA_EVENT and size: 21
2012-05-29 18:28:50,463 | INFO  | 1 | /10.1.10.19 | RetrieveStaticDataController14 | EventController - Received event: com.lvl6.events.request.RetrieveStaticDataRequestEvent@9ac8b37
2012-05-29 18:28:50,464 | DEBUG | 1 | /10.1.10.19 | RetrieveStaticDataController14 | EquipmentRetrieveUtils - retrieving all equipment data
2012-05-29 18:28:50,464 | INFO  | 1 | /10.1.10.19 | RetrieveStaticDataController14 | EventController - Finished processing event: com.lvl6.events.request.RetrieveStaticDataRequestEvent@9ac8b37, took ~0.0 seconds
2012-05-29 18:28:50,464 | INFO  |  |  | EventWriter2 | EventWriter - writing normal event with type=S_RETRIEVE_STATIC_DATA_EVENT to player with id 1
2012-05-29 18:28:50,499 | DEBUG | 1 | /10.1.10.19 | LoadPlayerCityController9 | UserRetrieveUtils - retrieving list of users for user 1 with requested types [BAD_ARCHER, BAD_MAGE, BAD_WARRIOR] , 4 users  around player level 8, guaranteeNum=false, latLowerBound=null, latUpperBound=null, longLowerBound=null, longUpperBound=null, forBattle=false
2012-05-29 18:28:50,569 | DEBUG | 1 | /10.1.10.19 | LoadPlayerCityController9 | UserRetrieveUtils - retrieved 4 users in level range 6-9 when 4 around 8 were requested
2012-05-29 18:28:50,570 | INFO  | 1 | /10.1.10.19 | LoadPlayerCityController9 | EventController - Finished processing event: com.lvl6.events.request.LoadPlayerCityRequestEvent@7f85e155, took ~0.0 seconds
2012-05-29 18:28:50,570 | INFO  |  |  | EventWriter2 | EventWriter - writing normal event with type=S_LOAD_PLAYER_CITY_EVENT to player with id 1
2012-05-29 18:28:50,599 | INFO  |  |  | Thread-10 | Attachment - Read event type: C_RETRIEVE_STATIC_DATA_EVENT and size: 21
2012-05-29 18:28:50,599 | INFO  | 1 | /10.1.10.19 | RetrieveStaticDataController14 | EventController - Received event: com.lvl6.events.request.RetrieveStaticDataRequestEvent@328b1323
2012-05-29 18:28:50,599 | DEBUG | 1 | /10.1.10.19 | RetrieveStaticDataController14 | StructureRetrieveUtils - retrieving all structs data
2012-05-29 18:28:50,599 | INFO  | 1 | /10.1.10.19 | RetrieveStaticDataController14 | EventController - Finished processing event: com.lvl6.events.request.RetrieveStaticDataRequestEvent@328b1323, took ~0.0 seconds
2012-05-29 18:28:50,599 | INFO  |  |  | EventWriter2 | EventWriter - writing normal event with type=S_RETRIEVE_STATIC_DATA_EVENT to player with id 1
2012-05-29 18:29:31,877 | DEBUG |  |  | Thread-10 | UserRetrieveUtils - retrieving user with userId 1
2012-05-29 18:29:31,939 | INFO  |  |  | Thread-10 | SelectAndRead - disconnect: /10.1.10.19, end-of-stream
